--------------------------------------------------------------------------------
Release 6.3.03i Trace G.38
Copyright (c) 1995-2004 Xilinx, Inc.  All rights reserved.

D:/Xilinx/bin/nt/trce.exe -intstyle ise -e 3 -l 3 -xml vgadriver vgadriver.ncd
-o vgadriver.twr vgadriver.pcf


Design file:              vgadriver.ncd
Physical constraint file: vgadriver.pcf
Device,speed:             xc2s50,-6 (PRODUCTION 1.27 2004-06-25)
Report level:             error report

Environment Variable      Effect 
--------------------      ------ 
NONE                      No environment variables were set
--------------------------------------------------------------------------------

INFO:Timing:2698 - No timing constraints found, doing default enumeration.
INFO:Timing:2752 - To get complete path coverage, use the unconstrained paths
   option. All paths that are not constrained will be reported in the
   unconstrained paths section(s) of the report.


Data Sheet report:
-----------------
All values displayed in nanoseconds (ns)

Clock to Setup on destination clock mclk
---------------+---------+---------+---------+---------+
               | Src:Rise| Src:Fall| Src:Rise| Src:Fall|
Source Clock   |Dest:Rise|Dest:Rise|Dest:Fall|Dest:Fall|
---------------+---------+---------+---------+---------+
mclk           |    4.639|         |         |         |
---------------+---------+---------+---------+---------+

Pad to Pad
---------------+---------------+---------+
Source Pad     |Destination Pad|  Delay  |
---------------+---------------+---------+
value<0>       |red            |   11.195|
value<1>       |red            |   14.792|
value<2>       |red            |   14.541|
value<3>       |red            |   14.623|
value<4>       |red            |   14.865|
value<5>       |red            |   13.208|
value<6>       |red            |   12.993|
value<7>       |red            |   13.084|
---------------+---------------+---------+

Analysis completed Thu May 03 17:07:41 2007
--------------------------------------------------------------------------------

Peak Memory Usage: 41 MB
